PRT1
93
234
4 0 20 (448 320 192 ) (448 368 192 ) (720 368 192 ) (720 320 192 ) 
4 0 3 (448 368 192 ) (448 320 192 ) (448 320 528 ) (448 368 528 ) 
4 0 2 (512 320 528 ) (448 320 528 ) (448 320 208 ) (512 320 208 ) 
4 0 1 (720 320 192 ) (720 320 528 ) (512 320 528 ) (512 320 192 ) 
4 1 48 (512 0 208 ) (512 0 192 ) (720 0 192 ) (720 0 208 ) 
4 1 47 (720 0 528 ) (512 0 528 ) (512 0 208 ) (720 0 208 ) 
4 1 21 (720 0 192 ) (576 0 192 ) (576 320 192 ) (720 320 192 ) 
4 1 2 (512 320 528 ) (512 320 208 ) (512 0 208 ) (512 0 528 ) 
4 2 47 (512 0 528 ) (448 0 528 ) (448 0 208 ) (512 0 208 ) 
4 2 9 (448 0 208 ) (448 0 528 ) (448 80 528 ) (448 80 208 ) 
4 2 7 (448 80 528 ) (448 208 528 ) (448 208 208 ) (448 80 208 ) 
4 2 6 (448 208 528 ) (448 272 528 ) (448 272 208 ) (448 208 208 ) 
4 2 4 (448 272 528 ) (448 320 528 ) (448 320 208 ) (448 272 208 ) 
4 3 20 (384 320 192 ) (384 368 192 ) (448 368 192 ) (448 320 192 ) 
4 3 11 (384 368 192 ) (384 320 192 ) (384 320 528 ) (384 368 528 ) 
4 3 5 (448 320 192 ) (448 320 208 ) (384 320 208 ) (384 320 192 ) 
4 3 4 (448 320 208 ) (448 320 528 ) (384 320 528 ) (384 320 208 ) 
4 4 13 (384 272 208 ) (384 272 256 ) (384 320 256 ) (384 320 208 ) 
4 4 12 (384 272 256 ) (384 272 528 ) (384 320 528 ) (384 320 256 ) 
4 4 6 (448 272 208 ) (448 272 528 ) (384 272 528 ) (384 272 208 ) 
4 4 5 (448 272 208 ) (384 272 208 ) (384 320 208 ) (448 320 208 ) 
4 5 22 (384 272 192 ) (384 320 192 ) (448 320 192 ) (448 272 192 ) 
4 6 15 (384 208 208 ) (384 208 528 ) (384 240 528 ) (384 240 208 ) 
4 6 13 (384 272 256 ) (384 272 208 ) (384 240 208 ) (384 240 256 ) 
4 6 12 (384 240 528 ) (384 272 528 ) (384 272 256 ) (384 240 256 ) 
4 6 7 (384 208 528 ) (384 208 208 ) (448 208 208 ) (448 208 528 ) 
4 7 15 (384 80 208 ) (384 80 528 ) (384 208 528 ) (384 208 208 ) 
4 7 9 (384 80 528 ) (384 80 208 ) (448 80 208 ) (448 80 528 ) 
4 7 8 (384 144 208 ) (384 208 208 ) (448 208 208 ) (448 144 208 ) 
4 8 22 (384 144 192 ) (384 208 192 ) (448 208 192 ) (448 144 192 ) 
4 9 47 (384 0 528 ) (384 0 208 ) (448 0 208 ) (448 0 528 ) 
4 9 15 (384 0 208 ) (384 0 528 ) (384 80 528 ) (384 80 208 ) 
4 9 10 (384 16 208 ) (384 80 208 ) (448 80 208 ) (448 16 208 ) 
4 10 22 (384 16 192 ) (384 80 192 ) (448 80 192 ) (448 16 192 ) 
4 11 28 (0 368 192 ) (0 320 192 ) (0 320 528 ) (0 368 528 ) 
4 11 20 (0 320 192 ) (0 368 192 ) (384 368 192 ) (384 320 192 ) 
4 11 14 (240 320 192 ) (320 320 192 ) (320 320 256 ) (96 320 256 ) 
4 11 13 (384 320 208 ) (384 320 256 ) (320 320 256 ) (320 320 208 ) 
5 11 12 (0 320 528 ) (0 320 300.799988 ) (112 320 256 ) (384 320 256 ) (384 320 528 ) 
4 12 31 (0 320 302.545471 ) (0 320 300.799988 ) (0 240 300.799988 ) (0 240 302.545502 ) 
4 12 30 (0 320 384 ) (0 320 302.545471 ) (0 240 302.545502 ) (0 240 384 ) 
4 12 29 (0 320 528 ) (0 320 384 ) (0 240 384 ) (0 240 528 ) 
6 12 16 (240 240 528 ) (0 240 528 ) (0 240 300.799988 ) (71.998901 240 272 ) (114 240 256 ) (240 240 256 ) 
4 12 15 (384 240 256 ) (384 240 528 ) (240 240 528 ) (240 240 256 ) 
4 12 14 (320 240 256 ) (112 240 256 ) (112 320 256 ) (320 320 256 ) 
4 12 13 (384 240 256 ) (320 240 256 ) (320 320 256 ) (384 320 256 ) 
4 13 15 (384 240 208 ) (384 240 256 ) (320 240 256 ) (320 240 208 ) 
4 13 14 (320 240 208 ) (320 240 256 ) (320 320 256 ) (320 320 208 ) 
4 14 23 (240 320 192 ) (320 320 192 ) (320 240 192 ) (240 240 192 ) 
3 14 16 (240 240 208 ) (240 240 256 ) (114 240 256 ) 
4 14 15 (320 240 208 ) (320 240 256 ) (240 240 256 ) (240 240 208 ) 
4 15 47 (240 0 528 ) (240 0 208 ) (384 0 208 ) (384 0 528 ) 
4 15 16 (240 240 528 ) (240 240 208 ) (240 0 208 ) (240 0 528 ) 
4 16 47 (0 0 528 ) (0 0 299.428589 ) (240 0 208 ) (240 0 528 ) 
4 16 38 (0 0 299.428589 ) (0 0 528 ) (0 240 528 ) (0 240 299.428589 ) 
4 16 19 (240 80 208 ) (240 16 208 ) (0 16 299.428558 ) (0 80 299.428558 ) 
4 16 18 (240 176 208 ) (240 112 208 ) (0 112 299.428558 ) (0 176 299.428589 ) 
3 17 55 (0 0 283.428589 ) (0 0 192 ) (240 0 192 ) 
4 17 36 (0 0 192 ) (0 0 240 ) (0 240 240 ) (0 240 192 ) 
4 17 33 (0 0 240 ) (0 0 283.428589 ) (0 240 283.428589 ) (0 240 240 ) 
4 17 24 (240 0 192 ) (0 0 192 ) (0 240 192 ) (240 240 192 ) 
4 17 19 (240 16 192 ) (240 80 192 ) (0 80 283.428558 ) (0 16 283.428558 ) 
4 17 18 (240 112 192 ) (240 176 192 ) (0 176 283.428558 ) (0 112 283.428558 ) 
4 18 39 (0 112 299.428589 ) (0 176 299.428589 ) (0 176 283.428589 ) (0 112 283.428589 ) 
4 19 40 (0 16 299.428589 ) (0 80 299.428589 ) (0 80 283.428589 ) (0 16 283.428589 ) 
4 20 28 (0 320 192 ) (0 368 192 ) (0 368 64 ) (0 320 64 ) 
4 20 25 (0 320 64 ) (0 368 64 ) (720 368 64 ) (720 320 64 ) 
4 20 23 (240 320 64 ) (320 320 64 ) (320 320 192 ) (240 320 192 ) 
4 20 21 (576 320 64 ) (720 320 64 ) (720 320 192 ) (576 320 192 ) 
4 20 22 (320 320 64 ) (512 320 64 ) (512 320 192 ) (320 320 192 ) 
4 21 63 (720 0 192 ) (576 0 192 ) (576 0 64 ) (720 0 64 ) 
4 21 26 (720 0 64 ) (576 0 64 ) (576 320 64 ) (720 320 64 ) 
4 22 65 (512 0 192 ) (320 0 192 ) (320 0 64 ) (512 0 64 ) 
4 22 23 (320 320 192 ) (320 320 64 ) (320 240 64 ) (320 240 192 ) 
4 24 66 (240 0 192 ) (0 0 192 ) (0 0 64 ) (240 0 64 ) 
4 24 36 (0 0 64 ) (0 0 192 ) (0 240 192 ) (0 240 64 ) 
4 25 28 (0 320 64 ) (0 368 64 ) (0 368 -32 ) (0 320 -32 ) 
4 25 27 (0 320 -32 ) (512 320 -32 ) (512 320 0 ) (0 320 0 ) 
4 25 26 (512 320 -32 ) (720 320 -32 ) (720 320 64 ) (512 320 64 ) 
4 26 71 (720 0 64 ) (512 0 64 ) (512 0 -32 ) (720 0 -32 ) 
4 26 27 (512 320 0 ) (512 320 -32 ) (512 0 -32 ) (512 0 0 ) 
4 27 72 (0 0 0 ) (0 0 -32 ) (512 0 -32 ) (512 0 0 ) 
4 27 37 (0 0 -32 ) (0 0 0 ) (0 240 0 ) (0 240 -32 ) 
4 27 32 (0 240 0 ) (0 320 0 ) (0 320 -32 ) (0 240 -32 ) 
4 28 44 (-432 368 -32 ) (-432 320 -32 ) (-432 320 64 ) (-432 368 64 ) 
4 28 43 (-432 320 64 ) (-432 320 192 ) (-432 368 192 ) (-432 368 64 ) 
4 28 41 (-432 320 192 ) (-432 320 528 ) (-432 368 528 ) (-432 368 192 ) 
4 28 32 (-432 320 0 ) (-432 320 -32 ) (0 320 -32 ) (0 320 0 ) 
3 28 31 (0 320 300.799988 ) (0 320 302.545471 ) (-48 320 320 ) 
3 28 30 (0 320 302.545471 ) (0 320 384 ) (-224 320 384 ) 
5 28 29 (-432 320 528 ) (-432 320 464 ) (-256 320 384 ) (0 320 384 ) (0 320 528 ) 
4 29 41 (-432 240 464 ) (-432 240 528 ) (-432 320 528 ) (-432 320 464 ) 
5 29 38 (-432 240 528 ) (-432 240 464 ) (-222 240 384 ) (0 240 384 ) (0 240 528 ) 
4 29 30 (0 240 384 ) (-224 240 384 ) (-224 320 384 ) (0 320 384 ) 
4 30 38 (0 240 302.545471 ) (0 240 384 ) (-222 240 384 ) (-180 240 368 ) 
4 30 31 (-47.980804 320 319.992310 ) (0 320 302.544739 ) (0 240 302.544739 ) (-47.980797 240 319.992310 ) 
3 31 38 (0 240 300.799988 ) (0 240 302.545471 ) (-48 240 320 ) 
4 32 45 (-432 240 -32 ) (-432 240 0 ) (-432 320 0 ) (-432 320 -32 ) 
4 32 37 (-432 240 0 ) (-432 240 -32 ) (0 240 -32 ) (0 240 0 ) 
4 33 74 (0 0 240 ) (0 0 283.428589 ) (-416 0 441.904785 ) (-416 0 240 ) 
4 33 40 (-416 80 441.906677 ) (-416 16 441.906677 ) (0 16 283.429688 ) (0 80 283.429688 ) 
4 33 39 (-416 176 441.906677 ) (-416 112 441.906677 ) (0 112 283.429688 ) (0 176 283.429688 ) 
4 33 36 (-416 240 240 ) (0 240 240 ) (0 0 240 ) (-416 0 240 ) 
4 33 35 (-416 0 400 ) (-416 0 441.903564 ) (-416 80 441.903564 ) (-416 80 400 ) 
4 33 34 (-416 240 240 ) (-416 80 240 ) (-416 80 441.903564 ) (-416 240 441.903564 ) 
4 34 39 (-432 176 448.001953 ) (-432 112 448.001953 ) (-416 112 441.906677 ) (-416 176 441.906677 ) 
4 34 36 (-432 80 240 ) (-432 240 240 ) (-416 240 240 ) (-416 80 240 ) 
4 34 35 (-416 80 400 ) (-416 80 441.904785 ) (-432 80 448 ) (-432 80 400 ) 
4 35 75 (-416 0 441.904785 ) (-432 0 448 ) (-432 0 400 ) (-416 0 400 ) 
4 35 40 (-432 80 448.001953 ) (-432 16 448.001953 ) (-416 16 441.906677 ) (-416 80 441.906677 ) 
4 36 77 (0 0 64 ) (0 0 240 ) (-432 0 240 ) (-432 0 64 ) 
4 37 78 (0 0 -32 ) (0 0 0 ) (-432 0 0 ) (-432 0 -32 ) 
4 37 45 (-432 0 -32 ) (-432 0 0 ) (-432 240 0 ) (-432 240 -32 ) 
4 38 79 (0 0 299.428589 ) (0 0 528 ) (-432 0 528 ) (-432 0 464 ) 
4 38 42 (-432 0 464 ) (-432 0 528 ) (-432 240 528 ) (-432 240 464 ) 
4 38 40 (-432 16 464 ) (-432 80 464 ) (0 80 299.428009 ) (0 16 299.427795 ) 
4 38 39 (-432 112 464 ) (-432 176 464 ) (0 176 299.428345 ) (0 112 299.428131 ) 
4 41 46 (-512 368 192 ) (-512 240 192 ) (-512 240 528 ) (-512 368 528 ) 
4 41 43 (-512 240 192 ) (-512 368 192 ) (-432 368 192 ) (-432 240 192 ) 
4 41 42 (-512 240 528 ) (-512 240 464 ) (-432 240 464 ) (-432 240 528 ) 
4 42 88 (-432 0 464 ) (-432 0 528 ) (-512 0 528 ) (-512 0 464 ) 
4 42 46 (-512 0 464 ) (-512 0 528 ) (-512 240 528 ) (-512 240 464 ) 
4 43 46 (-512 240 192 ) (-512 368 192 ) (-512 368 64 ) (-512 240 64 ) 
4 43 44 (-512 320 64 ) (-512 368 64 ) (-432 368 64 ) (-432 320 64 ) 
4 44 46 (-512 320 64 ) (-512 368 64 ) (-512 368 -32 ) (-512 320 -32 ) 
4 44 45 (-512 320 -32 ) (-432 320 -32 ) (-432 320 0 ) (-512 320 0 ) 
4 45 90 (-432 0 -32 ) (-432 0 0 ) (-512 0 0 ) (-512 0 -32 ) 
4 45 46 (-512 0 -32 ) (-512 0 0 ) (-512 320 0 ) (-512 320 -32 ) 
4 46 92 (-512 0 -32 ) (-512 0 528 ) (-624 0 528 ) (-624 0 -32 ) 
4 47 87 (0 -512 299.428589 ) (0 -576 299.428589 ) (0 -576 528 ) (0 -512 528 ) 
4 47 84 (0 -432 299.428589 ) (0 -512 299.428589 ) (0 -512 528 ) (0 -432 528 ) 
4 47 79 (0 0 528 ) (0 0 299.428589 ) (0 -432 299.428589 ) (0 -432 528 ) 
4 47 62 (0 -576 299.429138 ) (0 -512 299.429138 ) (240 -512 208 ) (240 -576 208 ) 
4 47 60 (0 -512 299.429138 ) (0 -432 299.429138 ) (240 -432 208 ) (240 -512 208 ) 
4 47 59 (0 -368 299.429138 ) (0 -304 299.429138 ) (240 -304 208 ) (240 -368 208 ) 
4 47 58 (0 -272 299.429138 ) (0 -208 299.429138 ) (240 -208 208 ) (240 -272 208 ) 
4 47 57 (0 -176 299.429138 ) (0 -112 299.429138 ) (240 -112 208 ) (240 -176 208 ) 
4 47 56 (0 -80 299.429138 ) (0 -16 299.429138 ) (240 -16 208 ) (240 -80 208 ) 
4 47 54 (240 -576 208 ) (240 -432 208 ) (384 -432 208 ) (384 -576 208 ) 
4 47 53 (448 -432 208 ) (448 -576 208 ) (384 -576 208 ) (384 -432 208 ) 
4 47 52 (448 -304 208 ) (448 -368 208 ) (384 -368 208 ) (384 -304 208 ) 
4 47 51 (448 -176 208 ) (448 -240 208 ) (384 -240 208 ) (384 -176 208 ) 
4 47 50 (448 -48 208 ) (448 -112 208 ) (384 -112 208 ) (384 -48 208 ) 
4 47 49 (720 -432 208 ) (720 -576 208 ) (448 -576 208 ) (448 -432 208 ) 
4 47 48 (512 0 208 ) (720 0 208 ) (720 -432 208 ) (512 -432 208 ) 
4 48 63 (576 0 192 ) (720 0 192 ) (720 -432 192 ) (576 -432 192 ) 
4 48 49 (512 -432 192 ) (720 -432 192 ) (720 -432 208 ) (512 -432 208 ) 
4 49 70 (448 -576 192 ) (448 -512 192 ) (512 -512 192 ) (512 -576 192 ) 
4 49 64 (720 -448 192 ) (720 -576 192 ) (512 -576 192 ) (512 -448 192 ) 
4 49 63 (576 -432 192 ) (720 -432 192 ) (720 -448 192 ) (576 -448 192 ) 
4 49 53 (448 -432 192 ) (448 -576 192 ) (448 -576 208 ) (448 -432 208 ) 
4 50 65 (384 -112 192 ) (384 -48 192 ) (448 -48 192 ) (448 -112 192 ) 
4 51 67 (384 -240 192 ) (384 -192 192 ) (448 -192 192 ) (448 -240 192 ) 
4 51 65 (384 -192 192 ) (384 -176 192 ) (448 -176 192 ) (448 -192 192 ) 
4 52 67 (384 -368 192 ) (384 -304 192 ) (448 -304 192 ) (448 -368 192 ) 
4 53 70 (384 -576 192 ) (384 -512 192 ) (448 -512 192 ) (448 -576 192 ) 
4 53 54 (384 -432 192 ) (384 -576 192 ) (384 -576 208 ) (384 -432 208 ) 
4 54 70 (282 -576 192 ) (282 -512 192 ) (384 -512 192 ) (384 -576 192 ) 
4 54 62 (282 -512 192 ) (282 -576 192 ) (240 -576 208 ) (240 -512 208 ) 
4 54 60 (282 -432 192 ) (282 -512 192 ) (240 -512 208 ) (240 -432 208 ) 
4 55 77 (0 0 240 ) (0 0 192 ) (0 -432 192 ) (0 -432 240 ) 
4 55 74 (0 0 283.428589 ) (0 0 240 ) (0 -432 240 ) (0 -432 283.428589 ) 
4 55 69 (0 -432 192 ) (0 -192 192 ) (240 -192 192 ) (240 -432 192 ) 
4 55 66 (0 -192 192 ) (0 0 192 ) (240 0 192 ) (240 -192 192 ) 
4 55 59 (240 -368 192 ) (240 -304 192 ) (0 -304 283.427979 ) (0 -368 283.427856 ) 
4 55 58 (240 -272 192 ) (240 -208 192 ) (0 -208 283.428162 ) (0 -272 283.428040 ) 
4 55 57 (240 -176 192 ) (240 -112 192 ) (0 -112 283.428345 ) (0 -176 283.428223 ) 
4 55 56 (240 -80 192 ) (240 -16 192 ) (0 -16 283.428528 ) (0 -80 283.428406 ) 
4 56 80 (0 -16 283.428589 ) (0 -80 283.428589 ) (0 -80 299.428589 ) (0 -16 299.428589 ) 
4 57 81 (0 -112 283.428589 ) (0 -176 283.428589 ) (0 -176 299.428589 ) (0 -112 299.428589 ) 
4 58 82 (0 -208 283.428589 ) (0 -272 283.428589 ) (0 -272 299.428589 ) (0 -208 299.428589 ) 
4 59 83 (0 -304 283.428589 ) (0 -368 283.428589 ) (0 -368 299.428589 ) (0 -304 299.428589 ) 
4 60 84 (0 -512 294.399963 ) (0 -512 299.428589 ) (0 -432 299.428589 ) (0 -432 294.399994 ) 
4 60 62 (256 -512 192 ) (282.003906 -512 192 ) (0 -512 299.430084 ) (0 -512 294.399994 ) 
4 60 61 (255.996094 -512 192 ) (96.033005 -512 255.985352 ) (96.026161 -432 255.988373 ) (255.997131 -432 192 ) 
3 61 62 (240 -512 192 ) (256 -512 192 ) (96 -512 256 ) 
4 62 87 (0 -512 192 ) (0 -576 192 ) (0 -576 299.428589 ) (0 -512 299.428589 ) 
4 62 70 (0 -576 192 ) (0 -512 192 ) (282 -512 192 ) (282 -576 192 ) 
4 63 73 (720 -432 64 ) (720 -448 64 ) (576 -448 64 ) (576 -432 64 ) 
4 63 71 (576 0 64 ) (720 0 64 ) (720 -432 64 ) (576 -432 64 ) 
4 63 64 (576 -448 64 ) (720 -448 64 ) (720 -448 192 ) (576 -448 192 ) 
4 64 73 (720 -448 64 ) (720 -576 64 ) (512 -576 64 ) (512 -448 64 ) 
4 64 70 (512 -512 64 ) (512 -576 64 ) (512 -576 192 ) (512 -512 192 ) 
4 65 67 (320 -192 64 ) (512 -192 64 ) (512 -192 192 ) (320 -192 192 ) 
4 66 77 (0 0 192 ) (0 0 64 ) (0 -192 64 ) (0 -192 192 ) 
4 66 69 (0 -192 64 ) (240 -192 64 ) (240 -192 192 ) (0 -192 192 ) 
4 67 68 (272 -192 192 ) (272 -192 112 ) (272 -432 112 ) (272 -432 192 ) 
4 68 69 (240 -192 192 ) (240 -192 112 ) (240 -432 112 ) (240 -432 192 ) 
4 69 77 (0 -192 64 ) (0 -432 64 ) (0 -432 192 ) (0 -192 192 ) 
4 70 87 (0 -512 64 ) (0 -576 64 ) (0 -576 192 ) (0 -512 192 ) 
4 70 73 (0 -576 64 ) (0 -512 64 ) (512 -512 64 ) (512 -576 64 ) 
4 71 73 (512 -432 -32 ) (720 -432 -32 ) (720 -432 64 ) (512 -432 64 ) 
4 71 72 (512 0 -32 ) (512 -432 -32 ) (512 -432 0 ) (512 0 0 ) 
4 72 78 (0 0 0 ) (0 0 -32 ) (0 -432 -32 ) (0 -432 0 ) 
4 72 73 (0 -432 -32 ) (512 -432 -32 ) (512 -432 0 ) (0 -432 0 ) 
4 73 87 (0 -512 -32 ) (0 -576 -32 ) (0 -576 64 ) (0 -512 64 ) 
4 73 86 (0 -432 -32 ) (0 -512 -32 ) (0 -512 64 ) (0 -432 64 ) 
4 74 83 (0 -368 283.428619 ) (0 -304 283.428619 ) (-416 -304 441.904785 ) (-416 -368 441.904785 ) 
4 74 82 (0 -272 283.428619 ) (0 -208 283.428619 ) (-416 -208 441.904785 ) (-416 -272 441.904785 ) 
4 74 81 (0 -176 283.428619 ) (0 -112 283.428619 ) (-416 -112 441.904785 ) (-416 -176 441.904785 ) 
4 74 80 (0 -80 283.428619 ) (0 -16 283.428619 ) (-416 -16 441.904785 ) (-416 -80 441.904785 ) 
4 74 77 (0 -432 240 ) (-416 -432 240 ) (-416 0 240 ) (0 0 240 ) 
4 74 75 (-416 -272 400 ) (-416 -272 441.903564 ) (-416 0 441.903564 ) (-416 0 400 ) 
4 74 76 (-416 -272 240 ) (-416 -432 240 ) (-416 -432 441.903564 ) (-416 -272 441.903564 ) 
4 75 82 (-432 -208 448 ) (-432 -272 448 ) (-416 -272 441.904755 ) (-416 -208 441.904755 ) 
4 75 81 (-432 -112 448 ) (-432 -176 448 ) (-416 -176 441.904755 ) (-416 -112 441.904755 ) 
4 75 80 (-432 -16 448 ) (-432 -80 448 ) (-416 -80 441.904755 ) (-416 -16 441.904785 ) 
4 75 76 (-416 -272 400 ) (-416 -272 441.904785 ) (-432 -272 448 ) (-432 -272 400 ) 
4 76 83 (-432 -304 448 ) (-432 -368 448 ) (-416 -368 441.904755 ) (-416 -304 441.904755 ) 
4 76 77 (-416 -432 240 ) (-432 -432 240 ) (-432 -272 240 ) (-416 -272 240 ) 
4 77 89 (-432 -179.199997 192 ) (-432 -12.800001 192 ) (-432 -12.800001 64 ) (-432 -179.199997 64 ) 
4 78 90 (-432 -432 -32 ) (-432 -432 0 ) (-432 0 0 ) (-432 0 -32 ) 
4 78 86 (-432 -432 0 ) (-432 -432 -32 ) (0 -432 -32 ) (0 -432 0 ) 
4 79 88 (-432 -432 464 ) (-432 -432 528 ) (-432 0 528 ) (-432 0 464 ) 
3 79 85 (-432 -432 467.199982 ) (-432 -432 464 ) (-264.002686 -432 400.001038 ) 
5 79 84 (-432 -432 528 ) (-432 -432 467.199982 ) (-264.002686 -432 400.001038 ) (0 -432 299.428589 ) (0 -432 528 ) 
4 79 83 (-432 -368 464 ) (-432 -304 464 ) (0 -304 299.428009 ) (0 -368 299.427856 ) 
4 79 82 (-432 -272 464 ) (-432 -208 464 ) (0 -208 299.428192 ) (0 -272 299.428070 ) 
4 79 81 (-432 -176 464 ) (-432 -112 464 ) (0 -112 299.428375 ) (0 -176 299.428253 ) 
4 79 80 (-432 -80 464 ) (-432 -16 464 ) (0 -16 299.428558 ) (0 -80 299.428436 ) 
4 84 91 (-432 -512 467.199982 ) (-432 -512 528 ) (-432 -432 528 ) (-432 -432 467.199951 ) 
4 84 87 (-432 -512 528 ) (-432 -512 467.199951 ) (0 -512 294.399994 ) (0 -512 528 ) 
4 84 85 (-432 -432 467.199219 ) (-64.021790 -432 320.007935 ) (-64.021797 -512 320.007935 ) (-432 -512 467.199219 ) 
4 85 91 (-432 -512 464 ) (-432 -512 467.199982 ) (-432 -432 467.199951 ) (-432 -432 464 ) 
4 85 87 (-432 -512 467.199951 ) (-432 -512 464 ) (-240 -512 384 ) (-64 -512 320 ) 
4 86 91 (-432 -512 -32 ) (-432 -512 64 ) (-432 -432 64 ) (-432 -432 -32 ) 
4 86 87 (-432 -512 64 ) (-432 -512 -32 ) (0 -512 -32 ) (0 -512 64 ) 
4 87 91 (-432 -576 528 ) (-432 -512 528 ) (-432 -512 -32 ) (-432 -576 -32 ) 
4 88 92 (-512 0 528 ) (-512 0 464 ) (-512 -432 464 ) (-512 -432 528 ) 
4 88 91 (-512 -432 528 ) (-512 -432 464 ) (-432 -432 464 ) (-432 -432 528 ) 
4 89 92 (-512 -12.800001 64 ) (-512 -179.199997 64 ) (-512 -179.199997 192 ) (-512 -12.800001 192 ) 
4 90 92 (-512 0 0 ) (-512 0 -32 ) (-512 -432 -32 ) (-512 -432 0 ) 
4 90 91 (-512 -432 0 ) (-512 -432 -32 ) (-432 -432 -32 ) (-432 -432 0 ) 
4 91 92 (-512 -576 528 ) (-512 -432 528 ) (-512 -432 -32 ) (-512 -576 -32 ) 
